104.08.20 10:11 B C:\Documents and Settings\prosirai\My Documents\JDF\Spec\art originals\Word_Art_Conversion_Source\APPX_Examples_Strippting_Foldout.bmp <-- ftp.igd.fhg.de /JDF_Document/Art Originals/Word_Art_Conversion_Source APPX_Examples_Strippting_Foldout.bmp
104.08.20 10:11 B C:\Documents and Settings\prosirai\My Documents\JDF\Spec\art originals\Word_Art_Conversion_Source\Defenition_Insert_Locations_1_1_1.doc <-- ftp.igd.fhg.de /JDF_Document/Art Originals/Word_Art_Conversion_Source Defenition_Insert_Locations_1_1_1.doc
104.08.20 10:11 B C:\Documents and Settings\prosirai\My Documents\JDF\Spec\art originals\Word_Art_Conversion_Source\JDF_Cover_only.doc <-- ftp.igd.fhg.de /JDF_Document/Art Originals/Word_Art_Conversion_Source JDF_Cover_only.doc
104.08.20 10:11 B C:\Documents and Settings\prosirai\My Documents\JDF\Spec\art originals\Word_Art_Conversion_Source\Lifecycle_Example_of_a_Pipe_resource_linking_two_processes.doc <-- ftp.igd.fhg.de /JDF_Document/Art Originals/Word_Art_Conversion_Source Lifecycle_Example_of_a_Pipe_resource_linking_two_processes.doc
104.08.20 10:11 B C:\Documents and Settings\prosirai\My Documents\JDF\Spec\art originals\Word_Art_Conversion_Source\Lifecycle_Example_of_status_transitions_in_case_of_overlapping_processing.pdf <-- ftp.igd.fhg.de /JDF_Document/Art Originals/Word_Art_Conversion_Source Lifecycle_Example_of_status_transitions_in_case_of_overlapping_processing.pdf
104.08.20 10:11 B C:\Documents and Settings\prosirai\My Documents\JDF\Spec\art originals\Word_Art_Conversion_Source\Lifecycle_Example_of_status_transitions_in_case_of_overlapping_processing.psd <-- ftp.igd.fhg.de /JDF_Document/Art Originals/Word_Art_Conversion_Source Lifecycle_Example_of_status_transitions_in_case_of_overlapping_processing.psd
104.08.20 10:11 B C:\Documents and Settings\prosirai\My Documents\JDF\Spec\art originals\Word_Art_Conversion_Source\Overview_ resource_and_process_coordinate_systems.doc <-- ftp.igd.fhg.de /JDF_Document/Art Originals/Word_Art_Conversion_Source Overview_ resource_and_process_coordinate_systems.doc
104.08.20 10:11 B C:\Documents and Settings\prosirai\My Documents\JDF\Spec\art originals\Word_Art_Conversion_Source\Overview_ resource_and_process_coordinate_systems.eps <-- ftp.igd.fhg.de /JDF_Document/Art Originals/Word_Art_Conversion_Source Overview_ resource_and_process_coordinate_systems.eps
104.08.20 10:11 B C:\Documents and Settings\prosirai\My Documents\JDF\Spec\art originals\Word_Art_Conversion_Source\Overview_ resource_and_process_coordinate_systems.pdf <-- ftp.igd.fhg.de /JDF_Document/Art Originals/Word_Art_Conversion_Source Overview_ resource_and_process_coordinate_systems.pdf
104.08.20 10:11 B C:\Documents and Settings\prosirai\My Documents\JDF\Spec\art originals\Word_Art_Conversion_Source\Process_PrintingRoll_Image.jpg <-- ftp.igd.fhg.de /JDF_Document/Art Originals/Word_Art_Conversion_Source Process_PrintingRoll_Image.jpg
104.08.20 10:11 B C:\Documents and Settings\prosirai\My Documents\JDF\Spec\art originals\Word_Art_Conversion_Source\Res_Odd_Count_Handling.ai <-- ftp.igd.fhg.de /JDF_Document/Art Originals/Word_Art_Conversion_Source Res_Odd_Count_Handling.ai
104.08.20 10:11 B C:\Documents and Settings\prosirai\My Documents\JDF\Spec\art originals\Word_Art_Conversion_Source\Res_Odd_count_Handling.doc <-- ftp.igd.fhg.de /JDF_Document/Art Originals/Word_Art_Conversion_Source Res_Odd_count_Handling.doc
104.08.20 10:11 B C:\Documents and Settings\prosirai\My Documents\JDF\Spec\art originals\Word_Art_Conversion_Source\Res_Odd_count_Handling.pdf <-- ftp.igd.fhg.de /JDF_Document/Art Originals/Word_Art_Conversion_Source Res_Odd_count_Handling.pdf
104.08.20 10:11 B C:\Documents and Settings\prosirai\My Documents\JDF\Spec\art originals\Word_Art_Conversion_Source\Resources_Pile_Pattern.jpg <-- ftp.igd.fhg.de /JDF_Document/Art Originals/Word_Art_Conversion_Source Resources_Pile_Pattern.jpg
104.08.20 10:11 B C:\Documents and Settings\prosirai\My Documents\JDF\Spec\art originals\Word_Art_Conversion_Source\Resources_Pile_Pattern.psd <-- ftp.igd.fhg.de /JDF_Document/Art Originals/Word_Art_Conversion_Source Resources_Pile_Pattern.psd
104.08.20 10:11 B C:\Documents and Settings\prosirai\My Documents\JDF\Spec\art originals\Word_Art_Conversion_Source\Resources_Pile_Patterns.bmp <-- ftp.igd.fhg.de /JDF_Document/Art Originals/Word_Art_Conversion_Source Resources_Pile_Patterns.bmp
104.08.20 10:11 B C:\Documents and Settings\prosirai\My Documents\JDF\Spec\art originals\Word_Art_Conversion_Source\Structure_Splitting_and_combining_physical_resources.doc <-- ftp.igd.fhg.de /JDF_Document/Art Originals/Word_Art_Conversion_Source Structure_Splitting_and_combining_physical_resources.doc
104.08.20 10:11 B C:\Documents and Settings\prosirai\My Documents\JDF\Spec\art originals\Word_Art_Conversion_Source\Structure_Splitting_and_combining_physical_resources.eps <-- ftp.igd.fhg.de /JDF_Document/Art Originals/Word_Art_Conversion_Source Structure_Splitting_and_combining_physical_resources.eps
104.08.20 10:11 B C:\Documents and Settings\prosirai\My Documents\JDF\Spec\art originals\Word_Art_Conversion_Source\Structure_Splitting_and_combining_physical_resources.pdf <-- ftp.igd.fhg.de /JDF_Document/Art Originals/Word_Art_Conversion_Source Structure_Splitting_and_combining_physical_resources.pdf
104.08.20 10:11 B C:\Documents and Settings\prosirai\My Documents\JDF\Spec\art originals\Word_Art_Conversion_Source\Structure_Splitting_and_combining_physical_resources.psd <-- ftp.igd.fhg.de /JDF_Document/Art Originals/Word_Art_Conversion_Source Structure_Splitting_and_combining_physical_resources.psd
105.05.10 13:54 B D:\stuff\CIP4\contract\Spec\Art originals\Word_Art_Conversion_Source\WS_FTP.LOG <-- ftp.igd.fhg.de /FrameMaker/Art originals/Word_Art_Conversion_Source WS_FTP.LOG
