104.08.20 10:10 B C:\Documents and Settings\prosirai\My Documents\JDF\Spec\art originals\Viso\Fig_7_Hole_Line_A.vsd <-- ftp.igd.fhg.de /JDF_Document/Art Originals/Viso Fig_7_Hole_Line_A.vsd
104.08.20 10:10 B C:\Documents and Settings\prosirai\My Documents\JDF\Spec\art originals\Viso\Introduction_Handling_System_Specified_Default_Values_of_Attributes.vsd <-- ftp.igd.fhg.de /JDF_Document/Art Originals/Viso Introduction_Handling_System_Specified_Default_Values_of_Attributes.vsd
104.08.20 10:10 B C:\Documents and Settings\prosirai\My Documents\JDF\Spec\art originals\Viso\JMF_Contents_of_a_JMF_Root_Element.vsd <-- ftp.igd.fhg.de /JDF_Document/Art Originals/Viso JMF_Contents_of_a_JMF_Root_Element.vsd
104.08.20 10:10 B C:\Documents and Settings\prosirai\My Documents\JDF\Spec\art originals\Viso\JMF_Effects_of_the_global_queue_messages_on_the_queue_Status.vsd <-- ftp.igd.fhg.de /JDF_Document/Art Originals/Viso JMF_Effects_of_the_global_queue_messages_on_the_queue_Status.vsd
104.08.20 10:10 B C:\Documents and Settings\prosirai\My Documents\JDF\Spec\art originals\Viso\JMF_Interaction_of_Command_and_Acknowledge_Messages.vsd <-- ftp.igd.fhg.de /JDF_Document/Art Originals/Viso JMF_Interaction_of_Command_and_Acknowledge_Messages.vsd
104.08.20 10:10 B C:\Documents and Settings\prosirai\My Documents\JDF\Spec\art originals\Viso\JMF_Interaction_of_Messages_with_Subscription.vsd <-- ftp.igd.fhg.de /JDF_Document/Art Originals/Viso JMF_Interaction_of_Messages_with_Subscription.vsd
104.08.20 10:10 B C:\Documents and Settings\prosirai\My Documents\JDF\Spec\art originals\Viso\JMF_Mechanism_of_a_PipePull_message.vsd <-- ftp.igd.fhg.de /JDF_Document/Art Originals/Viso JMF_Mechanism_of_a_PipePull_message.vsd
104.08.20 10:10 B C:\Documents and Settings\prosirai\My Documents\JDF\Spec\art originals\Viso\JMF_Mechanism_of_a_PipePush_message.vsd <-- ftp.igd.fhg.de /JDF_Document/Art Originals/Viso JMF_Mechanism_of_a_PipePush_message.vsd
104.08.20 10:10 B C:\Documents and Settings\prosirai\My Documents\JDF\Spec\art originals\Viso\JMF_QueueEntry_Status_Transition_Diagram.vsd <-- ftp.igd.fhg.de /JDF_Document/Art Originals/Viso JMF_QueueEntry_Status_Transition_Diagram.vsd
104.08.20 10:10 B C:\Documents and Settings\prosirai\My Documents\JDF\Spec\art originals\Viso\Lifecycle_Example_of_a_Pipe_resource_linking_two_processes.vsd <-- ftp.igd.fhg.de /JDF_Document/Art Originals/Viso Lifecycle_Example_of_a_Pipe_resource_linking_two_processes.vsd
104.08.20 10:10 B C:\Documents and Settings\prosirai\My Documents\JDF\Spec\art originals\Viso\Lifecycle_Example_of_a_simple_process_chain_linked_by_resources.vsd <-- ftp.igd.fhg.de /JDF_Document/Art Originals/Viso Lifecycle_Example_of_a_simple_process_chain_linked_by_resources.vsd
104.08.20 10:10 B C:\Documents and Settings\prosirai\My Documents\JDF\Spec\art originals\Viso\Lifecycle_JDF node_structure_that_requires_resource_copying_during_spawning.vsd <-- ftp.igd.fhg.de /JDF_Document/Art Originals/Viso Lifecycle_JDF node_structure_that_requires_resource_copying_during_spawning.vsd
104.08.20 10:10 B C:\Documents and Settings\prosirai\My Documents\JDF\Spec\art originals\Viso\Lifecycle_Life_Cycle_of_a_JDF_node.vsd <-- ftp.igd.fhg.de /JDF_Document/Art Originals/Viso Lifecycle_Life_Cycle_of_a_JDF_node.vsd
104.08.20 10:10 B C:\Documents and Settings\prosirai\My Documents\JDF\Spec\art originals\Viso\Lifecycle_Life_Cycle_of_a_JDF_node_V2.vsd <-- ftp.igd.fhg.de /JDF_Document/Art Originals/Viso Lifecycle_Life_Cycle_of_a_JDF_node_V2.vsd
104.08.20 10:10 B C:\Documents and Settings\prosirai\My Documents\JDF\Spec\art originals\Viso\Overview_Example_of_a_hierarchical_tree_structure_of_JDF_nodes.vsd <-- ftp.igd.fhg.de /JDF_Document/Art Originals/Viso Overview_Example_of_a_hierarchical_tree_structure_of_JDF_nodes.vsd
104.08.20 10:10 B C:\Documents and Settings\prosirai\My Documents\JDF\Spec\art originals\Viso\Overview_Example_of_a_process_chain_linked_by_input_and_output_resources.vsd <-- ftp.igd.fhg.de /JDF_Document/Art Originals/Viso Overview_Example_of_a_process_chain_linked_by_input_and_output_resources.vsd
104.08.20 10:10 B C:\Documents and Settings\prosirai\My Documents\JDF\Spec\art originals\Viso\Overview_Example_of_JDF_and_JMF_workflow.vsd <-- ftp.igd.fhg.de /JDF_Document/Art Originals/Viso Overview_Example_of_JDF_and_JMF_workflow.vsd
104.08.20 10:10 B C:\Documents and Settings\prosirai\My Documents\JDF\Spec\art originals\Viso\Overview_Examples_of_Transformations_and_Coordinate_Systems_in_JDF.vsd <-- ftp.igd.fhg.de /JDF_Document/Art Originals/Viso Overview_Examples_of_Transformations_and_Coordinate_Systems_in_JDF.vsd
104.08.20 10:10 B C:\Documents and Settings\prosirai\My Documents\JDF\Spec\art originals\Viso\PrintTalk_Business_Objects.vsd <-- ftp.igd.fhg.de /JDF_Document/Art Originals/Viso PrintTalk_Business_Objects.vsd
104.08.20 10:10 B C:\Documents and Settings\prosirai\My Documents\JDF\Spec\art originals\Viso\Process_Combined_Feeder_Process.vsd <-- ftp.igd.fhg.de /JDF_Document/Art Originals/Viso Process_Combined_Feeder_Process.vsd
104.08.20 10:10 B C:\Documents and Settings\prosirai\My Documents\JDF\Spec\art originals\Viso\Process_Feeder_Combined_Example1.vsd <-- ftp.igd.fhg.de /JDF_Document/Art Originals/Viso Process_Feeder_Combined_Example1.vsd
104.08.20 10:10 B C:\Documents and Settings\prosirai\My Documents\JDF\Spec\art originals\Viso\Process_Feeder_Combined_Example2.vsd <-- ftp.igd.fhg.de /JDF_Document/Art Originals/Viso Process_Feeder_Combined_Example2.vsd
104.08.20 10:10 B C:\Documents and Settings\prosirai\My Documents\JDF\Spec\art originals\Viso\Res_ RegisterRibbon.vsd <-- ftp.igd.fhg.de /JDF_Document/Art Originals/Viso Res_ RegisterRibbon.vsd
104.08.20 10:10 B C:\Documents and Settings\prosirai\My Documents\JDF\Spec\art originals\Viso\Res_CasemakingParams.vsd <-- ftp.igd.fhg.de /JDF_Document/Art Originals/Viso Res_CasemakingParams.vsd
104.08.20 10:10 B C:\Documents and Settings\prosirai\My Documents\JDF\Spec\art originals\Viso\Res_Handling_System_Specified_Default_Values_of_Attributes.vsd <-- ftp.igd.fhg.de /JDF_Document/Art Originals/Viso Res_Handling_System_Specified_Default_Values_of_Attributes.vsd
104.08.20 10:10 B C:\Documents and Settings\prosirai\My Documents\JDF\Spec\art originals\Viso\Res_Hole_Line_A_version_2.vsd <-- ftp.igd.fhg.de /JDF_Document/Art Originals/Viso Res_Hole_Line_A_version_2.vsd
104.08.20 10:10 B C:\Documents and Settings\prosirai\My Documents\JDF\Spec\art originals\Viso\Res_Hole_Line_B.vsd <-- ftp.igd.fhg.de /JDF_Document/Art Originals/Viso Res_Hole_Line_B.vsd
104.08.20 10:10 B C:\Documents and Settings\prosirai\My Documents\JDF\Spec\art originals\Viso\Res_odd_count_handling.vsd <-- ftp.igd.fhg.de /JDF_Document/Art Originals/Viso Res_odd_count_handling.vsd
104.08.20 10:11 B C:\Documents and Settings\prosirai\My Documents\JDF\Spec\art originals\Viso\Res_Parameters_and_Coordinate_System_for_CasingIn.vsd <-- ftp.igd.fhg.de /JDF_Document/Art Originals/Viso Res_Parameters_and_Coordinate_System_for_CasingIn.vsd
104.08.20 10:11 B C:\Documents and Settings\prosirai\My Documents\JDF\Spec\art originals\Viso\Res_Parameters_and_Coordinate_System_for_Jacketing.vsd <-- ftp.igd.fhg.de /JDF_Document/Art Originals/Viso Res_Parameters_and_Coordinate_System_for_Jacketing.vsd
104.08.20 10:11 B C:\Documents and Settings\prosirai\My Documents\JDF\Spec\art originals\Viso\Resources_Pile_Patterns.vsd <-- ftp.igd.fhg.de /JDF_Document/Art Originals/Viso Resources_Pile_Patterns.vsd
104.08.20 10:11 B C:\Documents and Settings\prosirai\My Documents\JDF\Spec\art originals\Viso\Resources_PRGroup_Structure.vsd <-- ftp.igd.fhg.de /JDF_Document/Art Originals/Viso Resources_PRGroup_Structure.vsd
104.08.20 10:11 B C:\Documents and Settings\prosirai\My Documents\JDF\Spec\art originals\Viso\Structure_Structure_of_Audit_element_types_derived_from_the_abstract_Audit_type.vsd <-- ftp.igd.fhg.de /JDF_Document/Art Originals/Viso Structure_Structure_of_Audit_element_types_derived_from_the_abstract_Audit_type.vsd
104.08.20 10:11 B C:\Documents and Settings\prosirai\My Documents\JDF\Spec\art originals\Viso\Structure_Structure_of_JDF_Generic_Contents.vsd <-- ftp.igd.fhg.de /JDF_Document/Art Originals/Viso Structure_Structure_of_JDF_Generic_Contents.vsd
104.08.20 10:11 B C:\Documents and Settings\prosirai\My Documents\JDF\Spec\art originals\Viso\Structure_Structure_of_the_abstract_resource_types.vsd <-- ftp.igd.fhg.de /JDF_Document/Art Originals/Viso Structure_Structure_of_the_abstract_resource_types.vsd
104.08.20 10:11 B C:\Documents and Settings\prosirai\My Documents\JDF\Spec\art originals\Viso\Structure_Structure_of_the_abstract_ResourceLink_types.vsd <-- ftp.igd.fhg.de /JDF_Document/Art Originals/Viso Structure_Structure_of_the_abstract_ResourceLink_types.vsd
104.08.20 10:11 B C:\Documents and Settings\prosirai\My Documents\JDF\Spec\art originals\Viso\Structure_Structure_of_the_JDF_Node.vsd <-- ftp.igd.fhg.de /JDF_Document/Art Originals/Viso Structure_Structure_of_the_JDF_Node.vsd
104.08.20 10:11 B C:\Documents and Settings\prosirai\My Documents\JDF\Spec\art originals\Viso\The_Role_of_Parsers.vsd <-- ftp.igd.fhg.de /JDF_Document/Art Originals/Viso The_Role_of_Parsers.vsd
104.08.20 10:11 B C:\Documents and Settings\prosirai\My Documents\JDF\Spec\art originals\Viso\The_Role_of_XML_in_general.vsd <-- ftp.igd.fhg.de /JDF_Document/Art Originals/Viso The_Role_of_XML_in_general.vsd
105.05.10 13:53 B D:\stuff\CIP4\contract\Spec\Art originals\Visio\WS_FTP.LOG <-- ftp.igd.fhg.de /FrameMaker/Art originals/Visio WS_FTP.LOG
